Determining if the pthread_create exist failed with the following output:
Change Dir: /home/x/demo/tcpdemo/build/CMakeFiles/CMakeTmp

Run Build Command:"/usr/bin/make" "cmTC_e3c0e/fast"
make[1]: Entering directory '/home/x/demo/tcpdemo/build/CMakeFiles/CMakeTmp'
/usr/bin/make -f CMakeFiles/cmTC_e3c0e.dir/build.make CMakeFiles/cmTC_e3c0e.dir/build
make[2]: Entering directory '/home/x/demo/tcpdemo/build/CMakeFiles/CMakeTmp'
Building C object CMakeFiles/cmTC_e3c0e.dir/CheckSymbolExists.c.o
/usr/bin/cc     -o CMakeFiles/cmTC_e3c0e.dir/CheckSymbolExists.c.o   -c /home/x/demo/tcpdemo/build/CMakeFiles/CMakeTmp/CheckSymbolExists.c
Linking C executable cmTC_e3c0e
/usr/bin/cmake -E cmake_link_script CMakeFiles/cmTC_e3c0e.dir/link.txt --verbose=1
/usr/bin/cc       CMakeFiles/cmTC_e3c0e.dir/CheckSymbolExists.c.o  -o cmTC_e3c0e -rdynamic 
CMakeFiles/cmTC_e3c0e.dir/CheckSymbolExists.c.o：在函数‘main’中：
CheckSymbolExists.c:(.text+0x16)：对‘pthread_create’未定义的引用
collect2: error: ld returned 1 exit status
CMakeFiles/cmTC_e3c0e.dir/build.make:97: recipe for target 'cmTC_e3c0e' failed
make[2]: *** [cmTC_e3c0e] Error 1
make[2]: Leaving directory '/home/x/demo/tcpdemo/build/CMakeFiles/CMakeTmp'
Makefile:126: recipe for target 'cmTC_e3c0e/fast' failed
make[1]: *** [cmTC_e3c0e/fast] Error 2
make[1]: Leaving directory '/home/x/demo/tcpdemo/build/CMakeFiles/CMakeTmp'

File /home/x/demo/tcpdemo/build/CMakeFiles/CMakeTmp/CheckSymbolExists.c:
/* */
#include <pthread.h>

int main(int argc, char** argv)
{
  (void)argv;
#ifndef pthread_create
  return ((int*)(&pthread_create))[argc];
#else
  (void)argc;
  return 0;
#endif
}

Determining if the function pthread_create exists in the pthreads failed with the following output:
Change Dir: /home/x/demo/tcpdemo/build/CMakeFiles/CMakeTmp

Run Build Command:"/usr/bin/make" "cmTC_043d4/fast"
make[1]: Entering directory '/home/x/demo/tcpdemo/build/CMakeFiles/CMakeTmp'
/usr/bin/make -f CMakeFiles/cmTC_043d4.dir/build.make CMakeFiles/cmTC_043d4.dir/build
make[2]: Entering directory '/home/x/demo/tcpdemo/build/CMakeFiles/CMakeTmp'
Building C object CMakeFiles/cmTC_043d4.dir/CheckFunctionExists.c.o
/usr/bin/cc    -DCHECK_FUNCTION_EXISTS=pthread_create   -o CMakeFiles/cmTC_043d4.dir/CheckFunctionExists.c.o   -c /usr/share/cmake-3.5/Modules/CheckFunctionExists.c
Linking C executable cmTC_043d4
/usr/bin/cmake -E cmake_link_script CMakeFiles/cmTC_043d4.dir/link.txt --verbose=1
/usr/bin/cc   -DCHECK_FUNCTION_EXISTS=pthread_create    CMakeFiles/cmTC_043d4.dir/CheckFunctionExists.c.o  -o cmTC_043d4 -rdynamic -lpthreads 
/usr/bin/ld: 找不到 -lpthreads
collect2: error: ld returned 1 exit status
CMakeFiles/cmTC_043d4.dir/build.make:97: recipe for target 'cmTC_043d4' failed
make[2]: *** [cmTC_043d4] Error 1
make[2]: Leaving directory '/home/x/demo/tcpdemo/build/CMakeFiles/CMakeTmp'
Makefile:126: recipe for target 'cmTC_043d4/fast' failed
make[1]: *** [cmTC_043d4/fast] Error 2
make[1]: Leaving directory '/home/x/demo/tcpdemo/build/CMakeFiles/CMakeTmp'


